2021-09-17 11:08:52 [32minfo[39m: Model :: /home/prashant/Documents/node.js/node-framework/database/models/internal-user/privilege.model.js
2021-09-17 11:08:52 [32minfo[39m: Model :: /home/prashant/Documents/node.js/node-framework/database/models/internal-user/role.model.js
2021-09-17 11:08:52 [32minfo[39m: Model :: /home/prashant/Documents/node.js/node-framework/database/models/internal-user/rolePrivilege.model.js
2021-09-17 11:10:08 [32minfo[39m: Model :: /home/prashant/Documents/node.js/node-framework/database/models/internal-user/privilege.model.js
2021-09-17 11:10:08 [32minfo[39m: Model :: /home/prashant/Documents/node.js/node-framework/database/models/internal-user/role.model.js
2021-09-17 11:10:08 [32minfo[39m: Model :: /home/prashant/Documents/node.js/node-framework/database/models/internal-user/rolePrivilege.model.js
2021-09-17 11:10:08 [32minfo[39m: Model :: /home/prashant/Documents/node.js/node-framework/database/models/internal-user/user.model.js
2021-09-17 11:10:08 [32minfo[39m: Model :: /home/prashant/Documents/node.js/node-framework/database/models/internal-user/userRole.model.js
2021-09-17 11:10:08 [32minfo[39m: initalizing keycloak
2021-09-17 11:10:08 [32minfo[39m: =================================
2021-09-17 11:10:08 [32minfo[39m: ======= ENV: development =======
2021-09-17 11:10:08 [32minfo[39m: 🚀 App listening on the port 3000
2021-09-17 11:10:08 [32minfo[39m: =================================
2021-09-17 11:10:12 [32minfo[39m: DB connected
2021-09-17 11:10:29 [32minfo[39m: Model :: /home/prashant/Documents/node.js/node-framework/database/models/internal-user/privilege.model.js
2021-09-17 11:12:58 [32minfo[39m: Model :: /home/prashant/Documents/node.js/node-framework/database/models/internal-user/privilege.model.js
2021-09-17 11:14:19 [32minfo[39m: Model :: /home/prashant/Documents/node.js/node-framework/database/models/internal-user/privilege.model.js
2021-09-17 11:14:51 [32minfo[39m: Model :: /home/prashant/Documents/node.js/node-framework/database/models/internal-user/privilege.model.js
2021-09-17 11:15:05 [32minfo[39m: Model :: /home/prashant/Documents/node.js/node-framework/database/models/internal-user/privilege.model.js
2021-09-17 11:15:37 [32minfo[39m: Model :: /home/prashant/Documents/node.js/node-framework/database/models/internal-user/privilege.model.js
2021-09-17 11:15:37 [32minfo[39m: Model :: /home/prashant/Documents/node.js/node-framework/database/models/internal-user/role.model.js
2021-09-17 11:15:37 [32minfo[39m: Model :: /home/prashant/Documents/node.js/node-framework/database/models/internal-user/rolePrivilege.model.js
2021-09-17 11:17:27 [32minfo[39m: Model :: /home/prashant/Documents/node.js/node-framework/database/models/internal-user/privilege.model.js
2021-09-17 11:17:27 [32minfo[39m: Model :: /home/prashant/Documents/node.js/node-framework/database/models/internal-user/role.model.js
2021-09-17 11:17:27 [32minfo[39m: Model :: /home/prashant/Documents/node.js/node-framework/database/models/internal-user/rolePrivilege.model.js
2021-09-17 11:19:44 [32minfo[39m: Model :: /home/prashant/Documents/node.js/node-framework/database/models/internal-user/privilege.model.js
2021-09-17 11:19:58 [32minfo[39m: Model :: /home/prashant/Documents/node.js/node-framework/database/models/internal-user/role.model.js
2021-09-17 11:20:01 [32minfo[39m: Model :: /home/prashant/Documents/node.js/node-framework/database/models/internal-user/rolePrivilege.model.js
2021-09-17 11:26:23 [32minfo[39m: Model :: /home/prashant/Documents/node.js/node-framework/database/models/internal-user/privilege.model.js
2021-09-17 11:27:01 [32minfo[39m: Model :: /home/prashant/Documents/node.js/node-framework/database/models/internal-user/role.model.js
2021-09-17 11:27:17 [32minfo[39m: Model :: /home/prashant/Documents/node.js/node-framework/database/models/internal-user/rolePrivilege.model.js
2021-09-17 11:36:19 [32minfo[39m: Model :: /home/prashant/Documents/node.js/node-framework/database/models/internal-user/privilege.model.js
2021-09-17 11:36:27 [32minfo[39m: Model :: /home/prashant/Documents/node.js/node-framework/database/models/internal-user/role.model.js
2021-09-17 11:36:50 [32minfo[39m: Model :: /home/prashant/Documents/node.js/node-framework/database/models/internal-user/rolePrivilege.model.js
2021-09-17 11:37:26 [32minfo[39m: Model :: /home/prashant/Documents/node.js/node-framework/database/models/internal-user/privilege.model.js
2021-09-17 11:37:44 [32minfo[39m: Model :: /home/prashant/Documents/node.js/node-framework/database/models/internal-user/role.model.js
2021-09-17 11:38:00 [32minfo[39m: Model :: /home/prashant/Documents/node.js/node-framework/database/models/internal-user/rolePrivilege.model.js
2021-09-17 11:40:10 [32minfo[39m: Model :: /home/prashant/Documents/node.js/node-framework/database/models/internal-user/privilege.model.js
2021-09-17 11:40:21 [32minfo[39m: Model :: /home/prashant/Documents/node.js/node-framework/database/models/internal-user/role.model.js
2021-09-17 11:40:21 [32minfo[39m: Model :: /home/prashant/Documents/node.js/node-framework/database/models/internal-user/rolePrivilege.model.js
2021-09-17 11:41:07 [32minfo[39m: Model :: /home/prashant/Documents/node.js/node-framework/database/models/internal-user/privilege.model.js
2021-09-17 11:41:07 [32minfo[39m: Model :: /home/prashant/Documents/node.js/node-framework/database/models/internal-user/role.model.js
2021-09-17 11:41:07 [32minfo[39m: Model :: /home/prashant/Documents/node.js/node-framework/database/models/internal-user/rolePrivilege.model.js
2021-09-17 11:41:07 [32minfo[39m: Model :: /home/prashant/Documents/node.js/node-framework/database/models/internal-user/user.model.js
2021-09-17 11:41:07 [32minfo[39m: Model :: /home/prashant/Documents/node.js/node-framework/database/models/internal-user/userRole.model.js
2021-09-17 11:41:07 [32minfo[39m: initalizing keycloak
2021-09-17 11:41:08 [32minfo[39m: =================================
2021-09-17 11:41:08 [32minfo[39m: ======= ENV: development =======
2021-09-17 11:41:08 [32minfo[39m: 🚀 App listening on the port 3000
2021-09-17 11:41:08 [32minfo[39m: =================================
2021-09-17 11:41:26 [32minfo[39m: Model :: /home/prashant/Documents/node.js/node-framework/database/models/internal-user/privilege.model.js
2021-09-17 11:41:26 [32minfo[39m: Model :: /home/prashant/Documents/node.js/node-framework/database/models/internal-user/role.model.js
2021-09-17 11:41:26 [32minfo[39m: Model :: /home/prashant/Documents/node.js/node-framework/database/models/internal-user/rolePrivilege.model.js
2021-09-17 11:41:38 [32minfo[39m: Model :: /home/prashant/Documents/node.js/node-framework/database/models/internal-user/privilege.model.js
2021-09-17 11:41:38 [32minfo[39m: Model :: /home/prashant/Documents/node.js/node-framework/database/models/internal-user/role.model.js
2021-09-17 11:41:38 [32minfo[39m: Model :: /home/prashant/Documents/node.js/node-framework/database/models/internal-user/rolePrivilege.model.js
2021-09-17 11:41:38 [32minfo[39m: Model :: /home/prashant/Documents/node.js/node-framework/database/models/internal-user/user.model.js
2021-09-17 11:41:38 [32minfo[39m: Model :: /home/prashant/Documents/node.js/node-framework/database/models/internal-user/userRole.model.js
2021-09-17 11:41:38 [32minfo[39m: initalizing keycloak
2021-09-17 11:41:38 [32minfo[39m: =================================
2021-09-17 11:41:38 [32minfo[39m: ======= ENV: development =======
2021-09-17 11:41:38 [32minfo[39m: 🚀 App listening on the port 3000
2021-09-17 11:41:38 [32minfo[39m: =================================
2021-09-17 11:42:10 [32minfo[39m: Model :: /home/prashant/Documents/node.js/node-framework/database/models/internal-user/privilege.model.js
2021-09-17 11:42:10 [32minfo[39m: Model :: /home/prashant/Documents/node.js/node-framework/database/models/internal-user/role.model.js
2021-09-17 11:42:10 [32minfo[39m: Model :: /home/prashant/Documents/node.js/node-framework/database/models/internal-user/rolePrivilege.model.js
2021-09-17 11:42:10 [32minfo[39m: Model :: /home/prashant/Documents/node.js/node-framework/database/models/internal-user/user.model.js
2021-09-17 11:42:10 [32minfo[39m: Model :: /home/prashant/Documents/node.js/node-framework/database/models/internal-user/userRole.model.js
2021-09-17 11:42:10 [32minfo[39m: initalizing keycloak
2021-09-17 11:42:10 [32minfo[39m: =================================
2021-09-17 11:42:10 [32minfo[39m: ======= ENV: development =======
2021-09-17 11:42:10 [32minfo[39m: 🚀 App listening on the port 3000
2021-09-17 11:42:10 [32minfo[39m: =================================
2021-09-17 11:43:01 [32minfo[39m: Model :: /home/prashant/Documents/node.js/node-framework/database/models/internal-user/privilege.model.js
2021-09-17 11:43:02 [32minfo[39m: Model :: /home/prashant/Documents/node.js/node-framework/database/models/internal-user/role.model.js
2021-09-17 11:43:02 [32minfo[39m: Model :: /home/prashant/Documents/node.js/node-framework/database/models/internal-user/rolePrivilege.model.js
2021-09-17 11:43:02 [32minfo[39m: Model :: /home/prashant/Documents/node.js/node-framework/database/models/internal-user/user.model.js
2021-09-17 11:43:02 [32minfo[39m: Model :: /home/prashant/Documents/node.js/node-framework/database/models/internal-user/userRole.model.js
2021-09-17 11:43:02 [32minfo[39m: initalizing keycloak
2021-09-17 11:43:02 [32minfo[39m: =================================
2021-09-17 11:43:02 [32minfo[39m: ======= ENV: development =======
2021-09-17 11:43:02 [32minfo[39m: 🚀 App listening on the port 3000
2021-09-17 11:43:02 [32minfo[39m: =================================
2021-09-17 11:43:20 [32minfo[39m: Model :: /home/prashant/Documents/node.js/node-framework/database/models/internal-user/privilege.model.js
2021-09-17 11:43:21 [32minfo[39m: Model :: /home/prashant/Documents/node.js/node-framework/database/models/internal-user/role.model.js
2021-09-17 11:43:21 [32minfo[39m: Model :: /home/prashant/Documents/node.js/node-framework/database/models/internal-user/rolePrivilege.model.js
2021-09-17 11:43:21 [32minfo[39m: Model :: /home/prashant/Documents/node.js/node-framework/database/models/internal-user/user.model.js
2021-09-17 11:43:21 [32minfo[39m: Model :: /home/prashant/Documents/node.js/node-framework/database/models/internal-user/userRole.model.js
2021-09-17 11:43:21 [32minfo[39m: initalizing keycloak
2021-09-17 11:43:21 [32minfo[39m: =================================
2021-09-17 11:43:21 [32minfo[39m: ======= ENV: development =======
2021-09-17 11:43:21 [32minfo[39m: 🚀 App listening on the port 3000
2021-09-17 11:43:21 [32minfo[39m: =================================
2021-09-17 11:43:37 [32minfo[39m: Model :: /home/prashant/Documents/node.js/node-framework/database/models/internal-user/privilege.model.js
2021-09-17 11:43:37 [32minfo[39m: Model :: /home/prashant/Documents/node.js/node-framework/database/models/internal-user/role.model.js
2021-09-17 11:43:37 [32minfo[39m: Model :: /home/prashant/Documents/node.js/node-framework/database/models/internal-user/rolePrivilege.model.js
2021-09-17 11:43:37 [32minfo[39m: Model :: /home/prashant/Documents/node.js/node-framework/database/models/internal-user/user.model.js
2021-09-17 11:43:37 [32minfo[39m: Model :: /home/prashant/Documents/node.js/node-framework/database/models/internal-user/userRole.model.js
2021-09-17 11:43:37 [32minfo[39m: initalizing keycloak
2021-09-17 11:43:37 [32minfo[39m: =================================
2021-09-17 11:43:37 [32minfo[39m: ======= ENV: development =======
2021-09-17 11:43:37 [32minfo[39m: 🚀 App listening on the port 3000
2021-09-17 11:43:37 [32minfo[39m: =================================
2021-09-17 11:43:49 [32minfo[39m: Model :: /home/prashant/Documents/node.js/node-framework/database/models/internal-user/privilege.model.js
2021-09-17 11:43:49 [32minfo[39m: Model :: /home/prashant/Documents/node.js/node-framework/database/models/internal-user/role.model.js
2021-09-17 11:43:49 [32minfo[39m: Model :: /home/prashant/Documents/node.js/node-framework/database/models/internal-user/rolePrivilege.model.js
2021-09-17 11:43:49 [32minfo[39m: Model :: /home/prashant/Documents/node.js/node-framework/database/models/internal-user/user.model.js
2021-09-17 11:43:49 [32minfo[39m: Model :: /home/prashant/Documents/node.js/node-framework/database/models/internal-user/userRole.model.js
2021-09-17 11:43:49 [32minfo[39m: initalizing keycloak
2021-09-17 11:43:49 [32minfo[39m: =================================
2021-09-17 11:43:49 [32minfo[39m: ======= ENV: development =======
2021-09-17 11:43:49 [32minfo[39m: 🚀 App listening on the port 3000
2021-09-17 11:43:49 [32minfo[39m: =================================
2021-09-17 11:44:02 [32minfo[39m: Model :: /home/prashant/Documents/node.js/node-framework/database/models/internal-user/privilege.model.js
2021-09-17 11:44:02 [32minfo[39m: Model :: /home/prashant/Documents/node.js/node-framework/database/models/internal-user/role.model.js
2021-09-17 11:44:02 [32minfo[39m: Model :: /home/prashant/Documents/node.js/node-framework/database/models/internal-user/rolePrivilege.model.js
2021-09-17 11:44:02 [32minfo[39m: Model :: /home/prashant/Documents/node.js/node-framework/database/models/internal-user/user.model.js
2021-09-17 11:44:02 [32minfo[39m: Model :: /home/prashant/Documents/node.js/node-framework/database/models/internal-user/userRole.model.js
2021-09-17 11:44:02 [32minfo[39m: initalizing keycloak
2021-09-17 11:44:02 [32minfo[39m: =================================
2021-09-17 11:44:02 [32minfo[39m: ======= ENV: development =======
2021-09-17 11:44:02 [32minfo[39m: 🚀 App listening on the port 3000
2021-09-17 11:44:02 [32minfo[39m: =================================
2021-09-17 11:45:23 [32minfo[39m: Model :: /home/prashant/Documents/node.js/node-framework/database/models/internal-user/privilege.model.js
2021-09-17 11:45:23 [32minfo[39m: Model :: /home/prashant/Documents/node.js/node-framework/database/models/internal-user/role.model.js
2021-09-17 11:45:23 [32minfo[39m: Model :: /home/prashant/Documents/node.js/node-framework/database/models/internal-user/user.model.js
2021-09-17 11:45:23 [32minfo[39m: initalizing keycloak
2021-09-17 11:45:23 [32minfo[39m: =================================
2021-09-17 11:45:23 [32minfo[39m: ======= ENV: development =======
2021-09-17 11:45:23 [32minfo[39m: 🚀 App listening on the port 3000
2021-09-17 11:45:23 [32minfo[39m: =================================
2021-09-17 11:45:50 [32minfo[39m: Model :: /home/prashant/Documents/node.js/node-framework/database/models/internal-user/privilege.model.js
2021-09-17 11:45:50 [32minfo[39m: Model :: /home/prashant/Documents/node.js/node-framework/database/models/internal-user/role.model.js
2021-09-17 11:45:50 [32minfo[39m: Model :: /home/prashant/Documents/node.js/node-framework/database/models/internal-user/user.model.js
2021-09-17 11:45:50 [32minfo[39m: initalizing keycloak
2021-09-17 11:45:50 [32minfo[39m: =================================
2021-09-17 11:45:50 [32minfo[39m: ======= ENV: development =======
2021-09-17 11:45:50 [32minfo[39m: 🚀 App listening on the port 3000
2021-09-17 11:45:50 [32minfo[39m: =================================
2021-09-17 11:45:58 [32minfo[39m: DB connected
2021-09-17 11:46:30 [32minfo[39m: Model :: /home/prashant/Documents/node.js/node-framework/database/models/internal-user/privilege.model.js
2021-09-17 11:46:30 [32minfo[39m: Model :: /home/prashant/Documents/node.js/node-framework/database/models/internal-user/role.model.js
2021-09-17 11:46:30 [32minfo[39m: Model :: /home/prashant/Documents/node.js/node-framework/database/models/internal-user/user.model.js
2021-09-17 11:46:30 [32minfo[39m: initalizing keycloak
2021-09-17 11:46:30 [32minfo[39m: =================================
2021-09-17 11:46:30 [32minfo[39m: ======= ENV: development =======
2021-09-17 11:46:30 [32minfo[39m: 🚀 App listening on the port 3000
2021-09-17 11:46:30 [32minfo[39m: =================================
2021-09-17 11:46:34 [32minfo[39m: DB connected
2021-09-17 14:40:07 [32minfo[39m: Model :: /home/prashant/Documents/node.js/node-framework/database/models/internal-user/privilege.model.js
2021-09-17 14:40:07 [32minfo[39m: Model :: /home/prashant/Documents/node.js/node-framework/database/models/internal-user/role.model.js
2021-09-17 14:40:07 [32minfo[39m: Model :: /home/prashant/Documents/node.js/node-framework/database/models/internal-user/user.model.js
2021-09-17 14:40:07 [32minfo[39m: initalizing keycloak
2021-09-17 14:40:07 [32minfo[39m: =================================
2021-09-17 14:40:07 [32minfo[39m: ======= ENV: development =======
2021-09-17 14:40:07 [32minfo[39m: 🚀 App listening on the port 3000
2021-09-17 14:40:07 [32minfo[39m: =================================
2021-09-17 14:40:18 [32minfo[39m: DB connected
2021-09-17 14:52:55 [32minfo[39m: Model :: /home/prashant/Documents/node.js/node-framework/database/models/internal-user/privilege.model.js
2021-09-17 14:52:55 [32minfo[39m: Model :: /home/prashant/Documents/node.js/node-framework/database/models/internal-user/role.model.js
2021-09-17 14:52:55 [32minfo[39m: Model :: /home/prashant/Documents/node.js/node-framework/database/models/internal-user/user.model.js
2021-09-17 14:52:55 [32minfo[39m: initalizing keycloak
2021-09-17 14:52:55 [32minfo[39m: =================================
2021-09-17 14:52:55 [32minfo[39m: ======= ENV: development =======
2021-09-17 14:52:55 [32minfo[39m: 🚀 App listening on the port 3000
2021-09-17 14:52:55 [32minfo[39m: =================================
2021-09-17 14:53:08 [32minfo[39m: DB connected
2021-09-17 14:53:12 [32minfo[39m: Model :: /home/prashant/Documents/node.js/node-framework/database/models/internal-user/privilege.model.js
2021-09-17 14:53:12 [32minfo[39m: Model :: /home/prashant/Documents/node.js/node-framework/database/models/internal-user/role.model.js
2021-09-17 14:53:12 [32minfo[39m: Model :: /home/prashant/Documents/node.js/node-framework/database/models/internal-user/user.model.js
2021-09-17 14:53:12 [32minfo[39m: initalizing keycloak
2021-09-17 14:53:12 [32minfo[39m: =================================
2021-09-17 14:53:12 [32minfo[39m: ======= ENV: development =======
2021-09-17 14:53:12 [32minfo[39m: 🚀 App listening on the port 3000
2021-09-17 14:53:12 [32minfo[39m: =================================
2021-09-17 14:53:28 [32minfo[39m: DB connected
2021-09-17 14:53:51 [32minfo[39m: Model :: /home/prashant/Documents/node.js/node-framework/database/models/internal-user/privilege.model.js
2021-09-17 14:53:51 [32minfo[39m: Model :: /home/prashant/Documents/node.js/node-framework/database/models/internal-user/role.model.js
2021-09-17 14:53:51 [32minfo[39m: Model :: /home/prashant/Documents/node.js/node-framework/database/models/internal-user/user.model.js
2021-09-17 14:53:51 [32minfo[39m: initalizing keycloak
2021-09-17 14:53:51 [32minfo[39m: =================================
2021-09-17 14:53:51 [32minfo[39m: ======= ENV: development =======
2021-09-17 14:53:51 [32minfo[39m: 🚀 App listening on the port 3000
2021-09-17 14:53:51 [32minfo[39m: =================================
2021-09-17 14:54:08 [32minfo[39m: DB connected
2021-09-17 14:56:38 [32minfo[39m: Model :: /home/prashant/Documents/node.js/node-framework/database/models/internal-user/privilege.model.js
2021-09-17 14:56:38 [32minfo[39m: Model :: /home/prashant/Documents/node.js/node-framework/database/models/internal-user/role.model.js
2021-09-17 14:56:38 [32minfo[39m: Model :: /home/prashant/Documents/node.js/node-framework/database/models/internal-user/user.model.js
2021-09-17 14:56:38 [32minfo[39m: initalizing keycloak
2021-09-17 14:56:39 [32minfo[39m: =================================
2021-09-17 14:56:39 [32minfo[39m: ======= ENV: development =======
2021-09-17 14:56:39 [32minfo[39m: 🚀 App listening on the port 3000
2021-09-17 14:56:39 [32minfo[39m: =================================
2021-09-17 14:56:53 [32minfo[39m: DB connected
2021-09-17 14:57:07 [32minfo[39m: Model :: /home/prashant/Documents/node.js/node-framework/database/models/internal-user/privilege.model.js
2021-09-17 14:57:07 [32minfo[39m: Model :: /home/prashant/Documents/node.js/node-framework/database/models/internal-user/role.model.js
2021-09-17 14:57:07 [32minfo[39m: Model :: /home/prashant/Documents/node.js/node-framework/database/models/internal-user/rolePrivileges.model.js
2021-09-17 14:57:07 [32minfo[39m: Model :: /home/prashant/Documents/node.js/node-framework/database/models/internal-user/user.model.js
2021-09-17 14:57:07 [32minfo[39m: initalizing keycloak
2021-09-17 14:57:08 [32minfo[39m: =================================
2021-09-17 14:57:08 [32minfo[39m: ======= ENV: development =======
2021-09-17 14:57:08 [32minfo[39m: 🚀 App listening on the port 3000
2021-09-17 14:57:08 [32minfo[39m: =================================
2021-09-17 14:57:28 [32minfo[39m: DB connected
2021-09-17 15:07:47 [32minfo[39m: Model :: /home/prashant/Documents/node.js/node-framework/database/models/internal-user/privilege.model.js
2021-09-17 15:07:47 [32minfo[39m: Model :: /home/prashant/Documents/node.js/node-framework/database/models/internal-user/role.model.js
2021-09-17 15:07:47 [32minfo[39m: Model :: /home/prashant/Documents/node.js/node-framework/database/models/internal-user/rolePrivileges.model.js
2021-09-17 15:07:47 [32minfo[39m: Model :: /home/prashant/Documents/node.js/node-framework/database/models/internal-user/user.model.js
2021-09-17 15:07:47 [32minfo[39m: initalizing keycloak
2021-09-17 15:07:47 [32minfo[39m: =================================
2021-09-17 15:07:47 [32minfo[39m: ======= ENV: development =======
2021-09-17 15:07:47 [32minfo[39m: 🚀 App listening on the port 3000
2021-09-17 15:07:47 [32minfo[39m: =================================
2021-09-17 15:10:14 [32minfo[39m: Model :: /home/prashant/Documents/node.js/node-framework/database/models/internal-user/privilege.model.js
2021-09-17 15:10:14 [32minfo[39m: Model :: /home/prashant/Documents/node.js/node-framework/database/models/internal-user/role.model.js
2021-09-17 15:10:14 [32minfo[39m: Model :: /home/prashant/Documents/node.js/node-framework/database/models/internal-user/rolePrivileges.model.js
2021-09-17 15:10:14 [32minfo[39m: Model :: /home/prashant/Documents/node.js/node-framework/database/models/internal-user/user.model.js
2021-09-17 15:10:14 [32minfo[39m: initalizing keycloak
2021-09-17 15:10:14 [32minfo[39m: =================================
2021-09-17 15:10:14 [32minfo[39m: ======= ENV: development =======
2021-09-17 15:10:14 [32minfo[39m: 🚀 App listening on the port 3000
2021-09-17 15:10:14 [32minfo[39m: =================================
2021-09-17 15:10:27 [32minfo[39m: DB connected
2021-09-17 15:18:41 [32minfo[39m: Model :: /home/prashant/Documents/node.js/node-framework/database/models/internal-user/privilege.model.js
2021-09-17 15:18:41 [32minfo[39m: Model :: /home/prashant/Documents/node.js/node-framework/database/models/internal-user/role.model.js
2021-09-17 15:18:41 [32minfo[39m: Model :: /home/prashant/Documents/node.js/node-framework/database/models/internal-user/user.model.js
2021-09-17 15:18:41 [32minfo[39m: initalizing keycloak
2021-09-17 15:18:41 [32minfo[39m: =================================
2021-09-17 15:18:41 [32minfo[39m: ======= ENV: development =======
2021-09-17 15:18:41 [32minfo[39m: 🚀 App listening on the port 3000
2021-09-17 15:18:41 [32minfo[39m: =================================
2021-09-17 15:19:18 [32minfo[39m: DB connected
2021-09-17 15:25:23 [32minfo[39m: Model :: /home/prashant/Documents/node.js/node-framework/database/models/internal-user/privilege.model.js
2021-09-17 15:25:23 [32minfo[39m: Model :: /home/prashant/Documents/node.js/node-framework/database/models/internal-user/role.model.js
2021-09-17 15:25:23 [32minfo[39m: Model :: /home/prashant/Documents/node.js/node-framework/database/models/internal-user/user.model.js
2021-09-17 15:25:23 [32minfo[39m: initalizing keycloak
2021-09-17 15:25:23 [32minfo[39m: =================================
2021-09-17 15:25:23 [32minfo[39m: ======= ENV: development =======
2021-09-17 15:25:23 [32minfo[39m: 🚀 App listening on the port 3000
2021-09-17 15:25:23 [32minfo[39m: =================================
2021-09-17 15:25:36 [32minfo[39m: DB connected
2021-09-17 15:28:29 [32minfo[39m: Model :: /home/prashant/Documents/node.js/node-framework/database/models/internal-user/privilege.model.js
2021-09-17 15:28:29 [32minfo[39m: Model :: /home/prashant/Documents/node.js/node-framework/database/models/internal-user/role.model.js
2021-09-17 15:28:29 [32minfo[39m: Model :: /home/prashant/Documents/node.js/node-framework/database/models/internal-user/user.model.js
2021-09-17 15:28:29 [32minfo[39m: initalizing keycloak
2021-09-17 15:28:29 [32minfo[39m: =================================
2021-09-17 15:28:29 [32minfo[39m: ======= ENV: development =======
2021-09-17 15:28:29 [32minfo[39m: 🚀 App listening on the port 3000
2021-09-17 15:28:29 [32minfo[39m: =================================
2021-09-17 15:28:41 [32minfo[39m: DB connected
2021-09-17 15:32:15 [32minfo[39m: Model :: /home/prashant/Documents/node.js/node-framework/database/models/internal-user/privilege.model.js
2021-09-17 15:32:15 [32minfo[39m: Model :: /home/prashant/Documents/node.js/node-framework/database/models/internal-user/role.model.js
2021-09-17 15:32:15 [32minfo[39m: Model :: /home/prashant/Documents/node.js/node-framework/database/models/internal-user/rolePrivilege.model.js
2021-09-17 15:32:15 [32minfo[39m: Model :: /home/prashant/Documents/node.js/node-framework/database/models/internal-user/user.model.js
2021-09-17 15:32:16 [32minfo[39m: initalizing keycloak
2021-09-17 15:32:16 [32minfo[39m: =================================
2021-09-17 15:32:16 [32minfo[39m: ======= ENV: development =======
2021-09-17 15:32:16 [32minfo[39m: 🚀 App listening on the port 3000
2021-09-17 15:32:16 [32minfo[39m: =================================
2021-09-17 15:32:22 [32minfo[39m: DB connected
2021-09-17 15:35:57 [32minfo[39m: Model :: /home/prashant/Documents/node.js/node-framework/database/models/internal-user/privilege.model.js
2021-09-17 15:35:57 [32minfo[39m: Model :: /home/prashant/Documents/node.js/node-framework/database/models/internal-user/role.model.js
2021-09-17 15:35:57 [32minfo[39m: Model :: /home/prashant/Documents/node.js/node-framework/database/models/internal-user/rolePrivilege.model.js
2021-09-17 15:35:57 [32minfo[39m: Model :: /home/prashant/Documents/node.js/node-framework/database/models/internal-user/user.model.js
2021-09-17 15:35:57 [32minfo[39m: initalizing keycloak
2021-09-17 15:35:57 [32minfo[39m: =================================
2021-09-17 15:35:57 [32minfo[39m: ======= ENV: development =======
2021-09-17 15:35:57 [32minfo[39m: 🚀 App listening on the port 3000
2021-09-17 15:35:57 [32minfo[39m: =================================
2021-09-17 15:36:09 [32minfo[39m: DB connected
2021-09-17 15:36:34 [32minfo[39m: Model :: /home/prashant/Documents/node.js/node-framework/database/models/internal-user/privilege.model.js
2021-09-17 15:36:34 [32minfo[39m: Model :: /home/prashant/Documents/node.js/node-framework/database/models/internal-user/role.model.js
2021-09-17 15:36:34 [32minfo[39m: Model :: /home/prashant/Documents/node.js/node-framework/database/models/internal-user/rolePrivilege.model.js
2021-09-17 15:36:34 [32minfo[39m: Model :: /home/prashant/Documents/node.js/node-framework/database/models/internal-user/user.model.js
2021-09-17 15:36:34 [32minfo[39m: initalizing keycloak
2021-09-17 15:36:34 [32minfo[39m: =================================
2021-09-17 15:36:34 [32minfo[39m: ======= ENV: development =======
2021-09-17 15:36:34 [32minfo[39m: 🚀 App listening on the port 3000
2021-09-17 15:36:34 [32minfo[39m: =================================
2021-09-17 15:36:47 [32minfo[39m: DB connected
2021-09-17 15:39:19 [32minfo[39m: Model :: /home/prashant/Documents/node.js/node-framework/database/models/internal-user/privilege.model.js
2021-09-17 15:39:19 [32minfo[39m: Model :: /home/prashant/Documents/node.js/node-framework/database/models/internal-user/role.model.js
2021-09-17 15:39:19 [32minfo[39m: Model :: /home/prashant/Documents/node.js/node-framework/database/models/internal-user/rolePrivilege.model.js
2021-09-17 15:39:19 [32minfo[39m: Model :: /home/prashant/Documents/node.js/node-framework/database/models/internal-user/user.model.js
2021-09-17 15:39:19 [32minfo[39m: Model :: /home/prashant/Documents/node.js/node-framework/database/models/internal-user/userRole.model.js
2021-09-17 15:42:07 [32minfo[39m: Model :: /home/prashant/Documents/node.js/node-framework/database/models/internal-user/privilege.model.js
2021-09-17 15:42:07 [32minfo[39m: Model :: /home/prashant/Documents/node.js/node-framework/database/models/internal-user/role.model.js
2021-09-17 15:42:07 [32minfo[39m: Model :: /home/prashant/Documents/node.js/node-framework/database/models/internal-user/rolePrivilege.model.js
2021-09-17 15:42:07 [32minfo[39m: Model :: /home/prashant/Documents/node.js/node-framework/database/models/internal-user/user.model.js
2021-09-17 15:42:07 [32minfo[39m: Model :: /home/prashant/Documents/node.js/node-framework/database/models/internal-user/userRole.model.js
2021-09-17 15:42:07 [32minfo[39m: initalizing keycloak
2021-09-17 15:42:07 [32minfo[39m: =================================
2021-09-17 15:42:07 [32minfo[39m: ======= ENV: development =======
2021-09-17 15:42:07 [32minfo[39m: 🚀 App listening on the port 3000
2021-09-17 15:42:07 [32minfo[39m: =================================
2021-09-17 15:42:21 [32minfo[39m: Model :: /home/prashant/Documents/node.js/node-framework/database/models/internal-user/privilege.model.js
2021-09-17 15:42:21 [32minfo[39m: Model :: /home/prashant/Documents/node.js/node-framework/database/models/internal-user/role.model.js
2021-09-17 15:42:21 [32minfo[39m: Model :: /home/prashant/Documents/node.js/node-framework/database/models/internal-user/rolePrivilege.model.js
2021-09-17 15:42:21 [32minfo[39m: Model :: /home/prashant/Documents/node.js/node-framework/database/models/internal-user/user.model.js
2021-09-17 15:42:21 [32minfo[39m: Model :: /home/prashant/Documents/node.js/node-framework/database/models/internal-user/userRole.model.js
2021-09-17 15:42:21 [32minfo[39m: initalizing keycloak
2021-09-17 15:42:21 [32minfo[39m: =================================
2021-09-17 15:42:21 [32minfo[39m: ======= ENV: development =======
2021-09-17 15:42:21 [32minfo[39m: 🚀 App listening on the port 3000
2021-09-17 15:42:21 [32minfo[39m: =================================
2021-09-17 15:42:44 [32minfo[39m: DB connected
2021-09-17 15:43:58 [32minfo[39m: Model :: /home/prashant/Documents/node.js/node-framework/database/models/internal-user/privilege.model.js
2021-09-17 15:43:58 [32minfo[39m: Model :: /home/prashant/Documents/node.js/node-framework/database/models/internal-user/role.model.js
2021-09-17 15:43:58 [32minfo[39m: Model :: /home/prashant/Documents/node.js/node-framework/database/models/internal-user/rolePrivilege.model.js
2021-09-17 15:43:58 [32minfo[39m: Model :: /home/prashant/Documents/node.js/node-framework/database/models/internal-user/user.model.js
2021-09-17 15:43:58 [32minfo[39m: Model :: /home/prashant/Documents/node.js/node-framework/database/models/internal-user/userRole.model.js
2021-09-17 15:43:58 [32minfo[39m: initalizing keycloak
2021-09-17 15:43:58 [32minfo[39m: =================================
2021-09-17 15:43:58 [32minfo[39m: ======= ENV: development =======
2021-09-17 15:43:58 [32minfo[39m: 🚀 App listening on the port 3000
2021-09-17 15:43:58 [32minfo[39m: =================================
2021-09-17 15:44:07 [32minfo[39m: DB connected
2021-09-17 15:49:03 [32minfo[39m: Model :: /home/prashant/Documents/node.js/node-framework/database/models/internal-user/privilege.model.js
2021-09-17 15:49:03 [32minfo[39m: Model :: /home/prashant/Documents/node.js/node-framework/database/models/internal-user/role.model.js
2021-09-17 15:49:03 [32minfo[39m: Model :: /home/prashant/Documents/node.js/node-framework/database/models/internal-user/rolePrivilege.model.js
2021-09-17 15:49:03 [32minfo[39m: Model :: /home/prashant/Documents/node.js/node-framework/database/models/internal-user/user.model.js
2021-09-17 15:49:03 [32minfo[39m: Model :: /home/prashant/Documents/node.js/node-framework/database/models/internal-user/userRole.model.js
2021-09-17 15:49:03 [32minfo[39m: initalizing keycloak
2021-09-17 15:49:03 [32minfo[39m: =================================
2021-09-17 15:49:03 [32minfo[39m: ======= ENV: development =======
2021-09-17 15:49:03 [32minfo[39m: 🚀 App listening on the port 3000
2021-09-17 15:49:03 [32minfo[39m: =================================
2021-09-17 15:49:20 [32minfo[39m: DB connected
2021-09-17 15:50:48 [32minfo[39m: Model :: /home/prashant/Documents/node.js/node-framework/database/models/internal-user/privilege.model.js
2021-09-17 15:50:48 [32minfo[39m: Model :: /home/prashant/Documents/node.js/node-framework/database/models/internal-user/role.model.js
2021-09-17 15:50:48 [32minfo[39m: Model :: /home/prashant/Documents/node.js/node-framework/database/models/internal-user/rolePrivilege.model.js
2021-09-17 15:50:48 [32minfo[39m: Model :: /home/prashant/Documents/node.js/node-framework/database/models/internal-user/user.model.js
2021-09-17 15:50:48 [32minfo[39m: Model :: /home/prashant/Documents/node.js/node-framework/database/models/internal-user/userRole.model.js
2021-09-17 15:50:48 [32minfo[39m: initalizing keycloak
2021-09-17 15:50:49 [32minfo[39m: =================================
2021-09-17 15:50:49 [32minfo[39m: ======= ENV: development =======
2021-09-17 15:50:49 [32minfo[39m: 🚀 App listening on the port 3000
2021-09-17 15:50:49 [32minfo[39m: =================================
2021-09-17 15:51:03 [32minfo[39m: DB connected
2021-09-17 16:16:25 [32minfo[39m: Model :: /home/prashant/Documents/node.js/node-framework/database/models/internal-user/privilege.model.js
2021-09-17 16:16:25 [32minfo[39m: Model :: /home/prashant/Documents/node.js/node-framework/database/models/internal-user/role.model.js
2021-09-17 16:16:25 [32minfo[39m: Model :: /home/prashant/Documents/node.js/node-framework/database/models/internal-user/rolePrivilege.model.js
2021-09-17 16:16:25 [32minfo[39m: Model :: /home/prashant/Documents/node.js/node-framework/database/models/internal-user/user.model.js
2021-09-17 16:16:25 [32minfo[39m: Model :: /home/prashant/Documents/node.js/node-framework/database/models/internal-user/userRole.model.js
2021-09-17 16:16:25 [32minfo[39m: initalizing keycloak
2021-09-17 16:16:25 [32minfo[39m: =================================
2021-09-17 16:16:25 [32minfo[39m: ======= ENV: development =======
2021-09-17 16:16:25 [32minfo[39m: 🚀 App listening on the port 3000
2021-09-17 16:16:25 [32minfo[39m: =================================
2021-09-17 16:21:59 [32minfo[39m: DB connected
2021-09-17 16:34:06 [32minfo[39m: Model :: /home/prashant/Documents/node.js/node-framework/database/models/internal-user/privilege.model.js
2021-09-17 16:34:06 [32minfo[39m: Model :: /home/prashant/Documents/node.js/node-framework/database/models/internal-user/role.model.js
2021-09-17 16:34:06 [32minfo[39m: Model :: /home/prashant/Documents/node.js/node-framework/database/models/internal-user/rolePrivilege.model.js
2021-09-17 16:34:06 [32minfo[39m: Model :: /home/prashant/Documents/node.js/node-framework/database/models/internal-user/user.model.js
2021-09-17 16:34:06 [32minfo[39m: Model :: /home/prashant/Documents/node.js/node-framework/database/models/internal-user/userRole.model.js
2021-09-17 16:34:06 [32minfo[39m: initalizing keycloak
2021-09-17 16:34:06 [32minfo[39m: =================================
2021-09-17 16:34:06 [32minfo[39m: ======= ENV: development =======
2021-09-17 16:34:06 [32minfo[39m: 🚀 App listening on the port 3000
2021-09-17 16:34:06 [32minfo[39m: =================================
2021-09-17 16:34:24 [32minfo[39m: DB connected
2021-09-17 16:36:27 [32minfo[39m: Model :: /home/prashant/Documents/node.js/node-framework/database/models/internal-user/privilege.model.js
2021-09-17 16:36:27 [32minfo[39m: Model :: /home/prashant/Documents/node.js/node-framework/database/models/internal-user/role.model.js
2021-09-17 16:36:27 [32minfo[39m: Model :: /home/prashant/Documents/node.js/node-framework/database/models/internal-user/rolePrivilege.model.js
2021-09-17 16:36:27 [32minfo[39m: Model :: /home/prashant/Documents/node.js/node-framework/database/models/internal-user/user.model.js
2021-09-17 16:36:27 [32minfo[39m: Model :: /home/prashant/Documents/node.js/node-framework/database/models/internal-user/userRole.model.js
2021-09-17 16:36:27 [32minfo[39m: initalizing keycloak
2021-09-17 16:36:27 [32minfo[39m: =================================
2021-09-17 16:36:27 [32minfo[39m: ======= ENV: development =======
2021-09-17 16:36:27 [32minfo[39m: 🚀 App listening on the port 3000
2021-09-17 16:36:27 [32minfo[39m: =================================
2021-09-17 16:36:43 [32minfo[39m: DB connected
2021-09-17 16:37:51 [32minfo[39m: Model :: /home/prashant/Documents/node.js/node-framework/database/models/internal-user/privilege.model.js
2021-09-17 16:37:57 [32minfo[39m: Model :: /home/prashant/Documents/node.js/node-framework/database/models/internal-user/privilege.model.js
2021-09-17 16:37:57 [32minfo[39m: Model :: /home/prashant/Documents/node.js/node-framework/database/models/internal-user/role.model.js
2021-09-17 16:37:57 [32minfo[39m: Model :: /home/prashant/Documents/node.js/node-framework/database/models/internal-user/rolePrivilege.model.js
2021-09-17 16:37:57 [32minfo[39m: Model :: /home/prashant/Documents/node.js/node-framework/database/models/internal-user/user.model.js
2021-09-17 16:37:57 [32minfo[39m: Model :: /home/prashant/Documents/node.js/node-framework/database/models/internal-user/userRole.model.js
2021-09-17 16:37:57 [32minfo[39m: initalizing keycloak
2021-09-17 16:37:57 [32minfo[39m: =================================
2021-09-17 16:37:57 [32minfo[39m: ======= ENV: development =======
2021-09-17 16:37:57 [32minfo[39m: 🚀 App listening on the port 3000
2021-09-17 16:37:57 [32minfo[39m: =================================
2021-09-17 16:38:28 [32minfo[39m: DB connected
2021-09-17 16:42:37 [32minfo[39m: Model :: /home/prashant/Documents/node.js/node-framework/database/models/internal-user/privilege.model.js
2021-09-17 16:42:37 [32minfo[39m: Model :: /home/prashant/Documents/node.js/node-framework/database/models/internal-user/role.model.js
2021-09-17 16:42:37 [32minfo[39m: Model :: /home/prashant/Documents/node.js/node-framework/database/models/internal-user/rolePrivilege.model.js
2021-09-17 16:42:37 [32minfo[39m: Model :: /home/prashant/Documents/node.js/node-framework/database/models/internal-user/user.model.js
2021-09-17 16:42:37 [32minfo[39m: Model :: /home/prashant/Documents/node.js/node-framework/database/models/internal-user/userRole.model.js
2021-09-17 16:42:37 [32minfo[39m: initalizing keycloak
2021-09-17 16:42:37 [32minfo[39m: =================================
2021-09-17 16:42:37 [32minfo[39m: ======= ENV: development =======
2021-09-17 16:42:37 [32minfo[39m: 🚀 App listening on the port 3000
2021-09-17 16:42:37 [32minfo[39m: =================================
2021-09-17 16:42:56 [32minfo[39m: DB connected
2021-09-17 16:47:57 [32minfo[39m: Model :: /home/prashant/Documents/node.js/node-framework/database/models/internal-user/privilege.model.js
2021-09-17 16:47:57 [32minfo[39m: Model :: /home/prashant/Documents/node.js/node-framework/database/models/internal-user/role.model.js
2021-09-17 16:47:57 [32minfo[39m: Model :: /home/prashant/Documents/node.js/node-framework/database/models/internal-user/rolePrivilege.model.js
2021-09-17 16:47:57 [32minfo[39m: Model :: /home/prashant/Documents/node.js/node-framework/database/models/internal-user/user.model.js
2021-09-17 16:47:57 [32minfo[39m: Model :: /home/prashant/Documents/node.js/node-framework/database/models/internal-user/userRole.model.js
2021-09-17 16:47:57 [32minfo[39m: initalizing keycloak
2021-09-17 16:47:57 [32minfo[39m: =================================
2021-09-17 16:47:57 [32minfo[39m: ======= ENV: development =======
2021-09-17 16:47:57 [32minfo[39m: 🚀 App listening on the port 3000
2021-09-17 16:47:57 [32minfo[39m: =================================
2021-09-17 16:48:12 [32minfo[39m: DB connected
2021-09-17 16:49:37 [32minfo[39m: Model :: /home/prashant/Documents/node.js/node-framework/database/models/internal-user/privilege.model.js
2021-09-17 16:49:37 [32minfo[39m: Model :: /home/prashant/Documents/node.js/node-framework/database/models/internal-user/role.model.js
2021-09-17 16:49:37 [32minfo[39m: Model :: /home/prashant/Documents/node.js/node-framework/database/models/internal-user/rolePrivilege.model.js
2021-09-17 16:49:37 [32minfo[39m: Model :: /home/prashant/Documents/node.js/node-framework/database/models/internal-user/user.model.js
2021-09-17 16:49:37 [32minfo[39m: Model :: /home/prashant/Documents/node.js/node-framework/database/models/internal-user/userRole.model.js
2021-09-17 16:49:37 [32minfo[39m: initalizing keycloak
2021-09-17 16:49:37 [32minfo[39m: =================================
2021-09-17 16:49:37 [32minfo[39m: ======= ENV: development =======
2021-09-17 16:49:37 [32minfo[39m: 🚀 App listening on the port 3000
2021-09-17 16:49:37 [32minfo[39m: =================================
2021-09-17 16:49:56 [32minfo[39m: Model :: /home/prashant/Documents/node.js/node-framework/database/models/internal-user/privilege.model.js
2021-09-17 16:49:56 [32minfo[39m: Model :: /home/prashant/Documents/node.js/node-framework/database/models/internal-user/role.model.js
2021-09-17 16:49:56 [32minfo[39m: Model :: /home/prashant/Documents/node.js/node-framework/database/models/internal-user/rolePrivilege.model.js
2021-09-17 16:49:56 [32minfo[39m: Model :: /home/prashant/Documents/node.js/node-framework/database/models/internal-user/user.model.js
2021-09-17 16:49:56 [32minfo[39m: Model :: /home/prashant/Documents/node.js/node-framework/database/models/internal-user/userRole.model.js
2021-09-17 16:49:56 [32minfo[39m: initalizing keycloak
2021-09-17 16:49:56 [32minfo[39m: =================================
2021-09-17 16:49:56 [32minfo[39m: ======= ENV: development =======
2021-09-17 16:49:56 [32minfo[39m: 🚀 App listening on the port 3000
2021-09-17 16:49:56 [32minfo[39m: =================================
2021-09-17 16:50:16 [32minfo[39m: DB connected
2021-09-17 16:51:10 [32minfo[39m: Model :: /home/prashant/Documents/node.js/node-framework/database/models/internal-user/privilege.model.js
2021-09-17 16:51:10 [32minfo[39m: Model :: /home/prashant/Documents/node.js/node-framework/database/models/internal-user/role.model.js
2021-09-17 16:51:10 [32minfo[39m: Model :: /home/prashant/Documents/node.js/node-framework/database/models/internal-user/rolePrivilege.model.js
2021-09-17 16:51:10 [32minfo[39m: Model :: /home/prashant/Documents/node.js/node-framework/database/models/internal-user/user.model.js
2021-09-17 16:51:10 [32minfo[39m: Model :: /home/prashant/Documents/node.js/node-framework/database/models/internal-user/userRole.model.js
2021-09-17 16:51:10 [32minfo[39m: initalizing keycloak
2021-09-17 16:51:10 [32minfo[39m: =================================
2021-09-17 16:51:10 [32minfo[39m: ======= ENV: development =======
2021-09-17 16:51:10 [32minfo[39m: 🚀 App listening on the port 3000
2021-09-17 16:51:10 [32minfo[39m: =================================
2021-09-17 16:51:18 [32minfo[39m: DB connected
2021-09-17 16:51:45 [32minfo[39m: Model :: /home/prashant/Documents/node.js/node-framework/database/models/internal-user/privilege.model.js
2021-09-17 16:51:45 [32minfo[39m: Model :: /home/prashant/Documents/node.js/node-framework/database/models/internal-user/role.model.js
2021-09-17 16:51:45 [32minfo[39m: Model :: /home/prashant/Documents/node.js/node-framework/database/models/internal-user/rolePrivilege.model.js
2021-09-17 16:51:45 [32minfo[39m: Model :: /home/prashant/Documents/node.js/node-framework/database/models/internal-user/user.model.js
2021-09-17 16:51:45 [32minfo[39m: Model :: /home/prashant/Documents/node.js/node-framework/database/models/internal-user/userRole.model.js
2021-09-17 16:51:45 [32minfo[39m: initalizing keycloak
2021-09-17 16:51:45 [32minfo[39m: =================================
2021-09-17 16:51:45 [32minfo[39m: ======= ENV: development =======
2021-09-17 16:51:45 [32minfo[39m: 🚀 App listening on the port 3000
2021-09-17 16:51:45 [32minfo[39m: =================================
2021-09-17 16:51:50 [32minfo[39m: Model :: /home/prashant/Documents/node.js/node-framework/database/models/internal-user/privilege.model.js
2021-09-17 16:51:50 [32minfo[39m: Model :: /home/prashant/Documents/node.js/node-framework/database/models/internal-user/role.model.js
2021-09-17 16:51:50 [32minfo[39m: Model :: /home/prashant/Documents/node.js/node-framework/database/models/internal-user/rolePrivilege.model.js
2021-09-17 16:51:50 [32minfo[39m: Model :: /home/prashant/Documents/node.js/node-framework/database/models/internal-user/user.model.js
2021-09-17 16:51:50 [32minfo[39m: Model :: /home/prashant/Documents/node.js/node-framework/database/models/internal-user/userRole.model.js
2021-09-17 16:51:50 [32minfo[39m: initalizing keycloak
2021-09-17 16:51:50 [32minfo[39m: =================================
2021-09-17 16:51:50 [32minfo[39m: ======= ENV: development =======
2021-09-17 16:51:50 [32minfo[39m: 🚀 App listening on the port 3000
2021-09-17 16:51:50 [32minfo[39m: =================================
2021-09-17 16:51:57 [32minfo[39m: DB connected
2021-09-17 16:52:05 [32minfo[39m: Model :: /home/prashant/Documents/node.js/node-framework/database/models/internal-user/privilege.model.js
2021-09-17 16:52:05 [32minfo[39m: Model :: /home/prashant/Documents/node.js/node-framework/database/models/internal-user/role.model.js
2021-09-17 16:52:05 [32minfo[39m: Model :: /home/prashant/Documents/node.js/node-framework/database/models/internal-user/rolePrivilege.model.js
2021-09-17 16:52:05 [32minfo[39m: Model :: /home/prashant/Documents/node.js/node-framework/database/models/internal-user/user.model.js
2021-09-17 16:52:05 [32minfo[39m: Model :: /home/prashant/Documents/node.js/node-framework/database/models/internal-user/userRole.model.js
2021-09-17 16:52:05 [32minfo[39m: initalizing keycloak
2021-09-17 16:52:05 [32minfo[39m: =================================
2021-09-17 16:52:05 [32minfo[39m: ======= ENV: development =======
2021-09-17 16:52:05 [32minfo[39m: 🚀 App listening on the port 3000
2021-09-17 16:52:05 [32minfo[39m: =================================
2021-09-17 16:52:08 [32minfo[39m: Model :: /home/prashant/Documents/node.js/node-framework/database/models/internal-user/privilege.model.js
2021-09-17 16:52:08 [32minfo[39m: Model :: /home/prashant/Documents/node.js/node-framework/database/models/internal-user/role.model.js
2021-09-17 16:52:08 [32minfo[39m: Model :: /home/prashant/Documents/node.js/node-framework/database/models/internal-user/rolePrivilege.model.js
2021-09-17 16:52:08 [32minfo[39m: Model :: /home/prashant/Documents/node.js/node-framework/database/models/internal-user/user.model.js
2021-09-17 16:52:08 [32minfo[39m: Model :: /home/prashant/Documents/node.js/node-framework/database/models/internal-user/userRole.model.js
2021-09-17 16:52:08 [32minfo[39m: initalizing keycloak
2021-09-17 16:52:08 [32minfo[39m: =================================
2021-09-17 16:52:08 [32minfo[39m: ======= ENV: development =======
2021-09-17 16:52:08 [32minfo[39m: 🚀 App listening on the port 3000
2021-09-17 16:52:08 [32minfo[39m: =================================
2021-09-17 16:52:12 [32minfo[39m: Model :: /home/prashant/Documents/node.js/node-framework/database/models/internal-user/privilege.model.js
2021-09-17 16:52:12 [32minfo[39m: Model :: /home/prashant/Documents/node.js/node-framework/database/models/internal-user/role.model.js
2021-09-17 16:52:12 [32minfo[39m: Model :: /home/prashant/Documents/node.js/node-framework/database/models/internal-user/rolePrivilege.model.js
2021-09-17 16:52:12 [32minfo[39m: Model :: /home/prashant/Documents/node.js/node-framework/database/models/internal-user/user.model.js
2021-09-17 16:52:12 [32minfo[39m: Model :: /home/prashant/Documents/node.js/node-framework/database/models/internal-user/userRole.model.js
2021-09-17 16:52:12 [32minfo[39m: initalizing keycloak
2021-09-17 16:52:12 [32minfo[39m: =================================
2021-09-17 16:52:12 [32minfo[39m: ======= ENV: development =======
2021-09-17 16:52:12 [32minfo[39m: 🚀 App listening on the port 3000
2021-09-17 16:52:12 [32minfo[39m: =================================
2021-09-17 16:52:20 [32minfo[39m: DB connected
